Build started 2012/7/11 13:51:55.
     1>Project "E:\C ++\C++Projects\AI\GA\GA\GA.vcxproj" on node 2 (build target(s)).
     1>InitializeBuildStatus:
         Creating "Debug\GA.unsuccessfulbuild" because "AlwaysCreate" was specified.
       ClCompile:
         All outputs are up-to-date.
         D:\Program Files\Microsoft Visual Studio 10.0\VC\bin\CL.exe /c /ZI /nologo /W3 /WX- /Od /Oy- /D WIN32 /D _DEBUG /D _CONSOLE /D _UNICODE /D UNICODE /Gm /EHsc /RTC1 /MDd /GS /fp:precise /Zc:wchar_t /Zc:forScope /Yu"StdAfx.h" /Fp"Debug\GA.pch" /Fo"Debug\\" /Fd"Debug\vc100.pdb" /Gd /TP /analyze- /errorReport:prompt main.cpp
         main.cpp
     1>e:\c ++\c++projects\ai\ga\ga\main.cpp(61): warning C4018: '<' : signed/unsigned mismatch
     1>e:\c ++\c++projects\ai\ga\ga\main.cpp(91): warning C4018: '<' : signed/unsigned mismatch
     1>e:\c ++\c++projects\ai\ga\ga\main.cpp(97): warning C4018: '<' : signed/unsigned mismatch
       ManifestResourceCompile:
         All outputs are up-to-date.
       Link:
         D:\Program Files\Microsoft Visual Studio 10.0\VC\bin\link.exe /ERRORREPORT:PROMPT /OUT:"E:\C ++\C++Projects\AI\GA\Debug\GA.exe" /INCREMENTAL /NOLOGO kernel32.lib user32.lib gdi32.lib winspool.lib comdlg32.lib advapi32.lib shell32.lib ole32.lib oleaut32.lib uuid.lib odbc32.lib odbccp32.lib /MANIFEST /ManifestFile:"Debug\GA.exe.intermediate.manifest" /MANIFESTUAC:"level='asInvoker' uiAccess='false'" /DEBUG /PDB:"E:\C ++\C++Projects\AI\GA\Debug\GA.pdb" /SUBSYSTEM:CONSOLE /TLBID:1 /DYNAMICBASE /NXCOMPAT /IMPLIB:"E:\C ++\C++Projects\AI\GA\Debug\GA.lib" /MACHINE:X86 Debug\GA.exe.embed.manifest.res
         Debug\GA.obj
         Debug\main.obj
         Debug\stdafx.obj
       Manifest:
         C:\Program Files\Microsoft SDKs\Windows\v7.0A\bin\mt.exe /nologo /verbose /out:"Debug\GA.exe.embed.manifest" /manifest Debug\GA.exe.intermediate.manifest
         All outputs are up-to-date.
       LinkEmbedManifest:
         All outputs are up-to-date.
         GA.vcxproj -> E:\C ++\C++Projects\AI\GA\Debug\GA.exe
       FinalizeBuildStatus:
         Deleting file "Debug\GA.unsuccessfulbuild".
         Touching "Debug\GA.lastbuildstate".
     1>Done Building Project "E:\C ++\C++Projects\AI\GA\GA\GA.vcxproj" (build target(s)).

Build succeeded.

Time Elapsed 00:00:02.56
