Build started 2012/5/20 16:37:54.
     1>Project "E:\C ++\C++Projects\AI\RenjuTalent\RenjuTalent\RenjuTalent.vcxproj" on node 2 (build target(s)).
     1>InitializeBuildStatus:
         Creating "Debug\RenjuTalent.unsuccessfulbuild" because "AlwaysCreate" was specified.
       ClCompile:
         All outputs are up-to-date.
         D:\Program Files\Microsoft Visual Studio 10.0\VC\bin\CL.exe /c /ZI /nologo /W3 /WX- /Od /Oy- /D WIN32 /D _WINDOWS /D _DEBUG /D _MBCS /Gm /EHsc /RTC1 /MTd /GS /fp:precise /Zc:wchar_t /Zc:forScope /Yu"StdAfx.h" /Fp"Debug\RenjuTalent.pch" /Fo"Debug\\" /Fd"Debug\vc100.pdb" /Gd /TP /analyze- /errorReport:prompt RenjuTalentDlg.cpp
         RenjuTalentDlg.cpp
     1>e:\c ++\c++projects\ai\renjutalent\renjutalent\renjutalentdlg.cpp(170): warning C4996: 'strcat': This function or variable may be unsafe. Consider using strcat_s instead. To disable deprecation, use _CRT_SECURE_NO_WARNINGS. See online help for details.
                 d:\program files\microsoft visual studio 10.0\vc\include\string.h(110) : see declaration of 'strcat'
       ResourceCompile:
         All outputs are up-to-date.
       ManifestResourceCompile:
         All outputs are up-to-date.
       Link:
         D:\Program Files\Microsoft Visual Studio 10.0\VC\bin\link.exe /ERRORREPORT:PROMPT /OUT:"E:\C ++\C++Projects\AI\RenjuTalent\Debug\RenjuTalent.exe" /INCREMENTAL /NOLOGO /MANIFEST /ManifestFile:"Debug\RenjuTalent.exe.intermediate.manifest" /MANIFESTUAC:"level='asInvoker' uiAccess='false'" /DEBUG /PDB:"E:\C ++\C++Projects\AI\RenjuTalent\Debug\RenjuTalent.pdb" /SUBSYSTEM:WINDOWS /TLBID:1 /DYNAMICBASE /NXCOMPAT /IMPLIB:"E:\C ++\C++Projects\AI\RenjuTalent\Debug\RenjuTalent.lib" /MACHINE:X86 Debug\RenjuTalent.res
         Debug\RenjuTalent.exe.embed.manifest.res
         Debug\RenjuTalent.obj
         Debug\RenjuTalentDlg.obj
         Debug\stdafx.obj
       Manifest:
         C:\Program Files\Microsoft SDKs\Windows\v7.0A\bin\mt.exe /nologo /verbose /out:"Debug\RenjuTalent.exe.embed.manifest" /manifest Debug\RenjuTalent.exe.intermediate.manifest "D:\Program Files\Microsoft Visual Studio 10.0\VC\Include\Manifest\dpiaware.manifest"
         All outputs are up-to-date.
       LinkEmbedManifest:
         All outputs are up-to-date.
         RenjuTalent.vcxproj -> E:\C ++\C++Projects\AI\RenjuTalent\Debug\RenjuTalent.exe
       FinalizeBuildStatus:
         Deleting file "Debug\RenjuTalent.unsuccessfulbuild".
         Touching "Debug\RenjuTalent.lastbuildstate".
     1>Done Building Project "E:\C ++\C++Projects\AI\RenjuTalent\RenjuTalent\RenjuTalent.vcxproj" (build target(s)).

Build succeeded.

Time Elapsed 00:00:02.42
