Build started 2012/7/11 14:52:33.
     1>Project "E:\C ++\C++Projects\AI\GA\GA\GA.vcxproj" on node 2 (build target(s)).
     1>InitializeBuildStatus:
         Creating "Release\GA.unsuccessfulbuild" because "AlwaysCreate" was specified.
       ClCompile:
         All outputs are up-to-date.
         D:\Program Files\Microsoft Visual Studio 10.0\VC\bin\CL.exe /c /Zi /nologo /W3 /WX- /O2 /Oi /Oy- /GL /D WIN32 /D NDEBUG /D _CONSOLE /D _UNICODE /D UNICODE /Gm- /EHsc /MD /GS /Gy /fp:precise /Zc:wchar_t /Zc:forScope /Yu"StdAfx.h" /Fp"Release\GA.pch" /Fo"Release\\" /Fd"Release\vc100.pdb" /Gd /TP /analyze- /errorReport:prompt main.cpp
         main.cpp
     1>main.cpp(62): warning C4018: '<' : signed/unsigned mismatch
     1>main.cpp(95): warning C4018: '<' : signed/unsigned mismatch
     1>main.cpp(103): warning C4018: '<' : signed/unsigned mismatch
     1>main.cpp(135): warning C4244: 'argument' : conversion from 'time_t' to 'unsigned int', possible loss of data
       Link:
         D:\Program Files\Microsoft Visual Studio 10.0\VC\bin\link.exe /ERRORREPORT:PROMPT /OUT:"E:\C ++\C++Projects\AI\GA\Release\GA.exe" /INCREMENTAL:NO /NOLOGO kernel32.lib user32.lib gdi32.lib winspool.lib comdlg32.lib advapi32.lib shell32.lib ole32.lib oleaut32.lib uuid.lib odbc32.lib odbccp32.lib /MANIFEST /ManifestFile:"Release\GA.exe.intermediate.manifest" /MANIFESTUAC:"level='asInvoker' uiAccess='false'" /DEBUG /PDB:"E:\C ++\C++Projects\AI\GA\Release\GA.pdb" /SUBSYSTEM:CONSOLE /OPT:REF /OPT:ICF /LTCG /TLBID:1 /DYNAMICBASE /NXCOMPAT /IMPLIB:"E:\C ++\C++Projects\AI\GA\Release\GA.lib" /MACHINE:X86 Release\GA.obj
         Release\main.obj
         Release\stdafx.obj
         Generating code
     1>e:\c ++\c++projects\ai\ga\ga\ga.cpp(15): warning C4715: 'randomSelect' : not all control paths return a value
         Finished generating code
         GA.vcxproj -> E:\C ++\C++Projects\AI\GA\Release\GA.exe
       Manifest:
         C:\Program Files\Microsoft SDKs\Windows\v7.0A\bin\mt.exe /nologo /verbose /outputresource:"E:\C ++\C++Projects\AI\GA\Release\GA.exe;#1" /manifest Release\GA.exe.intermediate.manifest
       FinalizeBuildStatus:
         Deleting file "Release\GA.unsuccessfulbuild".
         Touching "Release\GA.lastbuildstate".
     1>Done Building Project "E:\C ++\C++Projects\AI\GA\GA\GA.vcxproj" (build target(s)).

Build succeeded.

Time Elapsed 00:00:02.24
