Build started 2012/4/22 17:42:15.
     1>Project "E:\C ++\C++Projects\AI\EightDigitalGame2\EightDigitalGame2\EightDigitalGame2.vcxproj" on node 2 (build target(s)).
     1>InitializeBuildStatus:
         Creating "Debug\EightDigitalGame2.unsuccessfulbuild" because "AlwaysCreate" was specified.
       ClCompile:
         All outputs are up-to-date.
         D:\Program Files\Microsoft Visual Studio 10.0\VC\bin\CL.exe /c /ZI /nologo /W3 /WX- /Od /Oy- /D WIN32 /D _WINDOWS /D _DEBUG /D _MBCS /Gm /EHsc /RTC1 /MTd /GS /fp:precise /Zc:wchar_t /Zc:forScope /Yu"StdAfx.h" /Fp"Debug\EightDigitalGame2.pch" /Fo"Debug\\" /Fd"Debug\vc100.pdb" /Gd /TP /analyze- /errorReport:prompt EightDigitalGame2.cpp EightDigitalGame2Dlg.cpp
         EightDigitalGame2.cpp
         Generating Code...
         Compiling...
         EightDigitalGame2Dlg.cpp
         Generating Code...
       ResourceCompile:
         C:\Program Files\Microsoft SDKs\Windows\v7.0A\bin\rc.exe /D _DEBUG /l"0x0409" /IDebug\ /nologo /fo"Debug\EightDigitalGame2.res" EightDigitalGame2.rc 
       ManifestResourceCompile:
         All outputs are up-to-date.
       Link:
         D:\Program Files\Microsoft Visual Studio 10.0\VC\bin\link.exe /ERRORREPORT:PROMPT /OUT:"E:\C ++\C++Projects\AI\EightDigitalGame2\Debug\EightDigitalGame2.exe" /INCREMENTAL /NOLOGO /MANIFEST /ManifestFile:"Debug\EightDigitalGame2.exe.intermediate.manifest" /MANIFESTUAC:"level='asInvoker' uiAccess='false'" /DEBUG /PDB:"E:\C ++\C++Projects\AI\EightDigitalGame2\Debug\EightDigitalGame2.pdb" /SUBSYSTEM:WINDOWS /TLBID:1 /DYNAMICBASE /NXCOMPAT /IMPLIB:"E:\C ++\C++Projects\AI\EightDigitalGame2\Debug\EightDigitalGame2.lib" /MACHINE:X86 Debug\EightDigitalGame2.res
         Debug\EightDigitalGame2.exe.embed.manifest.res
         Debug\EightDigitalGame2.obj
         Debug\EightDigitalGame2Dlg.obj
         Debug\stdafx.obj
       Manifest:
         C:\Program Files\Microsoft SDKs\Windows\v7.0A\bin\mt.exe /nologo /verbose /out:"Debug\EightDigitalGame2.exe.embed.manifest" /manifest Debug\EightDigitalGame2.exe.intermediate.manifest "D:\Program Files\Microsoft Visual Studio 10.0\VC\Include\Manifest\dpiaware.manifest"
         All outputs are up-to-date.
       LinkEmbedManifest:
         All outputs are up-to-date.
         EightDigitalGame2.vcxproj -> E:\C ++\C++Projects\AI\EightDigitalGame2\Debug\EightDigitalGame2.exe
       FinalizeBuildStatus:
         Deleting file "Debug\EightDigitalGame2.unsuccessfulbuild".
         Touching "Debug\EightDigitalGame2.lastbuildstate".
     1>Done Building Project "E:\C ++\C++Projects\AI\EightDigitalGame2\EightDigitalGame2\EightDigitalGame2.vcxproj" (build target(s)).

Build succeeded.

Time Elapsed 00:00:08.21
